==============================================================================
Tests                                                                         
==============================================================================
Tests.Vinted Se Connecter                                                     
==============================================================================
User Login                                                              
  Traceback (most recent call last):
    ~~~~~~~~~~~~~~~~~~~~~~~~~~~~~~~~~~~~~~~~~~~~~~~~~~~~~~~~~~~~~~~~~~~~~~~~~~
    File  C:\Users\Yahya\IdeaProjects\Robot\Tests\vinted_se_connecter.robot:11
    T:  User Login    
    ~~~~~~~~~~~~~~~~~~~~~~~~~~~~~~~~~~~~~~~~~~~~~~~~~~~~~~~~~~~~~~~~~~~~~~~~~~
    File  C:\Users\Yahya\IdeaProjects\Robot\Tests\vinted_se_connecter.robot:13
      Go to url_vinted    
    ~~~~~~~~~~~~~~~~~~~~~~~~~~~~~~~~~~~~~~~~~~~~~~~~~~~~~~~~~~~~~~~~~~~~~~~~~~
    File  C:\Users\Yahya\IdeaProjects\Robot\Pages\BasePage.robot:28
      Open Browser    ${url_vinted}    ${Browser}
      |  ${url_vinted} = https://www.vinted.fr/ (str)
      |  ${Browser} = chrome (str)
______________________________________________________________________________
| FAIL |
No keyword with name 'Open Browser' found.
------------------------------------------------------------------------------
Tests.Vinted Se Connecter                                             | FAIL |
1 test, 0 passed, 1 failed
==============================================================================
Tests                                                                 | FAIL |
1 test, 0 passed, 1 failed
==============================================================================
Output:  C:\Users\Yahya\IdeaProjects\Robot\Results\pabot_results\1\output.xml
