==============================================================================
Tests                                                                         
==============================================================================
Tests.Vinted Searche Produit                                                  
==============================================================================
vinted search bar                                                       
  Traceback (most recent call last):
    ~~~~~~~~~~~~~~~~~~~~~~~~~~~~~~~~~~~~~~~~~~~~~~~~~~~~~~~~~~~~~~~~~~~~~~~~~~
    File  C:\Users\Yahya\IdeaProjects\Robot\Tests\vinted_searche_produit.robot:14
    T:  vinted search bar    
    ~~~~~~~~~~~~~~~~~~~~~~~~~~~~~~~~~~~~~~~~~~~~~~~~~~~~~~~~~~~~~~~~~~~~~~~~~~
    File  C:\Users\Yahya\IdeaProjects\Robot\Tests\vinted_searche_produit.robot:16
      Go to url_vinted    
    ~~~~~~~~~~~~~~~~~~~~~~~~~~~~~~~~~~~~~~~~~~~~~~~~~~~~~~~~~~~~~~~~~~~~~~~~~~
    File  C:\Users\Yahya\IdeaProjects\Robot\Pages\BasePage.robot:28
      Open Browser    ${url_vinted}    ${Browser}
      |  ${url_vinted} = https://www.vinted.fr/ (str)
      |  ${Browser} = chrome (str)
______________________________________________________________________________
| FAIL |
No keyword with name 'Open Browser' found.
------------------------------------------------------------------------------
Tests.Vinted Searche Produit                                          | FAIL |
1 test, 0 passed, 1 failed
==============================================================================
Tests                                                                 | FAIL |
1 test, 0 passed, 1 failed
==============================================================================
Output:  C:\Users\Yahya\IdeaProjects\Robot\pabot_results\2\output.xml
