==============================================================================
Tests                                                                         
==============================================================================
Tests.Vinted Inscrire                                                         
==============================================================================
User Create                                                             
  Traceback (most recent call last):
    ~~~~~~~~~~~~~~~~~~~~~~~~~~~~~~~~~~~~~~~~~~~~~~~~~~~~~~~~~~~~~~~~~~~~~~~~~~
    File  C:\Users\Yahya\IdeaProjects\Robot\Tests\vinted_inscrire.robot:11
    T:  User Create    
    ~~~~~~~~~~~~~~~~~~~~~~~~~~~~~~~~~~~~~~~~~~~~~~~~~~~~~~~~~~~~~~~~~~~~~~~~~~
    File  C:\Users\Yahya\IdeaProjects\Robot\Tests\vinted_inscrire.robot:13
      Go to url_vinted    
    ~~~~~~~~~~~~~~~~~~~~~~~~~~~~~~~~~~~~~~~~~~~~~~~~~~~~~~~~~~~~~~~~~~~~~~~~~~
    File  C:\Users\Yahya\IdeaProjects\Robot\Pages\BasePage.robot:28
      Open Browser    ${url_vinted}    ${Browser}
      |  ${url_vinted} = https://www.vinted.fr/ (str)
      |  ${Browser} = chrome (str)
______________________________________________________________________________
| FAIL |
No keyword with name 'Open Browser' found.
------------------------------------------------------------------------------
Tests.Vinted Inscrire                                                 | FAIL |
1 test, 0 passed, 1 failed
==============================================================================
Tests                                                                 | FAIL |
1 test, 0 passed, 1 failed
==============================================================================
Output:  C:\Users\Yahya\IdeaProjects\Robot\pabot_results\0\output.xml
